MaxThreadsPerBlock=1024
MaxBlockDimX=1024
MaxGridDimX=2147483647
MaxSharedMemoryPerBlock=49152
Allocating device memory: 1.07374e+10
Pre-allocation of device memory failed with "out of memory".  Disabling device memory handler ... 
Using GPU#0
--------------------
train extension=multi conn0=0-top conn1=1-top conn2=2-top data_dir=data trnname=pan_br_train- tstname=pan_br_test- reg_L2=0 top_reg_L2=1e-4 step_size=0.05 top_dropout=0.5 nodes=2000 resnorm_width=2000 LessVerbose test_interval=1 evaluation_fn=perf/pan-seq-perf.csv save_fn=output/pan_br_model loss=Square num_iterations=100 step_size_scheduler=Few step_size_decay=0.1 step_size_decay_at=80_90 mini_batch_size=100 0dataset_no=0 1dataset_no=1 2dataset_no=2 data_ext0=patch1 data_ext1=patch2 data_ext2=patch3 layers=3 pooling_type=Max num_pooling=1 activ_type=Rect random_seed=1 datatype=sparse_multi x_ext=.xsmatbcvar y_ext=.y momentum=0.9 init_weight=0.01 init_intercept=0 optim=Rmsp resnorm_type=Cross resnorm_alpha=1 resnorm_beta=0.5
--------------------

   CusparseIndex:ON
   CusparseFprop:ON
   gpu_max_threads=1024
   gpu_max_blocks=2147483647
   datatype=sparse_multi
   trnname=pan_br_train-
   tstname=pan_br_test-
   dsno0=patch1
   dsno1=patch2
   dsno2=patch3

   data_dir=data
   x_ext=.xsmatbcvar
   y_ext=.y
   num_batches=1


   evaluation_fn=perf/pan-seq-perf.csv
   Log:ON
Sun Jul 28 00:35:58 2019: ... pan_br_train-patch1 batch#1
Sun Jul 28 00:35:58 2019:   #row=5679 #col=58842 nz per col=1
Sun Jul 28 00:35:58 2019: #data = 52
Sun Jul 28 00:35:58 2019: target-min,max=0,1
Sun Jul 28 00:35:58 2019: ... pan_br_train-patch2 batch#1
Sun Jul 28 00:35:58 2019:   #row=11358 #col=58894 nz per col=1.99823
Sun Jul 28 00:35:58 2019: #data = 52
Sun Jul 28 00:35:58 2019: ... pan_br_train-patch3 batch#1
Sun Jul 28 00:35:58 2019:   #row=17037 #col=58946 nz per col=2.99471
Sun Jul 28 00:35:58 2019: #data = 52
Sun Jul 28 00:35:58 2019: ... pan_br_test-patch1 batch#1
Sun Jul 28 00:35:58 2019:   #row=5679 #col=124707 nz per col=1
Sun Jul 28 00:35:58 2019: #data = 124
Sun Jul 28 00:35:58 2019: target-min,max=0,1
Sun Jul 28 00:35:58 2019: ... pan_br_test-patch2 batch#1
Sun Jul 28 00:35:58 2019:   #row=11358 #col=137695 nz per col=1.81135
Sun Jul 28 00:35:58 2019: #data = 124
Sun Jul 28 00:35:58 2019: ... pan_br_test-patch3 batch#1
Sun Jul 28 00:35:58 2019:   #row=17037 #col=139000 nz per col=2.69152
Sun Jul 28 00:35:58 2019: #data = 124
Sun Jul 28 00:35:58 2019: Start ... #train=52, #test=124
--------------------

   optim=Rmsp
Sun Jul 28 00:35:58 2019: Data signature: [0]dim:1;channel:5679;size0:-1;[1]dim:1;channel:11358;size0:-1;[2]dim:1;channel:17037;size0:-1;
Sun Jul 28 00:35:58 2019: #class=2

   num_sides=0
   ss_scheduler=Few
   ss_decay=0.1
   ss_decay_at=80_90

   conn0=0-top
   conn1=1-top
   conn2=2-top
   AdditiveConn:ON

   test_interval=1
   save_fn=output/pan_br_model
   num_epochs=100
   random_seed=1
   mini_batch_size=100
   loss=Square

   test_mini_batch_size=100
Layer#0 -----  Cold-starting Weight+  -----

   0nodes=2000

   0pooling_type=Max
   0num_pooling=1
   0pooling_padding=0

   0resnorm_type=Cross
   0resnorm_width=2000
   0resnorm_alpha=1
   0resnorm_beta=0.5
   0resnorm_one=1

   0init_weight=0.01
   0init_intercept=0
   0reg_L2=0

   0step_size=0.05
   0rmsprop_decay=0.95
   0rmsprop_eps=1e-37

   0activ_type=Rect
   --------  weights  --------
   input dim: 5679
   output dim: 2000
   #weights: 11358000
   ---------------------------
Layer#1 -----  Cold-starting Weight+  -----

   1nodes=2000

   1pooling_type=Max
   1num_pooling=1
   1pooling_padding=0

   1resnorm_type=Cross
   1resnorm_width=2000
   1resnorm_alpha=1
   1resnorm_beta=0.5
   1resnorm_one=1

   1init_weight=0.01
   1init_intercept=0
   1reg_L2=0

   1step_size=0.05
   1rmsprop_decay=0.95
   1rmsprop_eps=1e-37

   1activ_type=Rect
   --------  weights  --------
   input dim: 5679
   output dim: 2000
   #weights: 11358000
   ---------------------------
Layer#2 -----  Cold-starting Weight+  -----

   2nodes=2000

   2pooling_type=Max
   2num_pooling=1
   2pooling_padding=0

   2resnorm_type=Cross
   2resnorm_width=2000
   2resnorm_alpha=1
   2resnorm_beta=0.5
   2resnorm_one=1

   2init_weight=0.01
   2init_intercept=0
   2reg_L2=0

   2step_size=0.05
   2rmsprop_decay=0.95
   2rmsprop_eps=1e-37

   2activ_type=Rect
   --------  weights  --------
   input dim: 5679
   output dim: 2000
   #weights: 11358000
   ---------------------------
layer#4: (0,1,2) -> (3)
Layer#3 -----  Cold-starting Weight+  -----

   top_dropout=0.5

   top_init_weight=0.01
   top_init_intercept=0
   top_reg_L2=0.0001

   top_step_size=0.05
   top_rmsprop_decay=0.95
   top_rmsprop_eps=1e-37
   --------  weights  --------
   input dim: 2000
   output dim: 2
   #weights: 4000
   ---------------------------
!Warning! Unknown parameter: "extension=multi"
!Warning! Unknown parameter: "0dataset_no=0"
!Warning! Unknown parameter: "1dataset_no=1"
!Warning! Unknown parameter: "2dataset_no=2"
!Warning! Unknown parameter: "momentum=0.9"
Sun Jul 28 00:36:00 2019: Checking word-mapping ... 
Sun Jul 28 00:36:00 2019: Checking word-mapping of layers ... 
Sun Jul 28 00:36:00 2019: supervised training: #hidden=3
Sun Jul 28 00:36:00 2019: Resetting step-sizes to s0 (initial value) ...
Sun Jul 28 00:36:00 2019: epoch,1,0.505603, perf:err,0.225806
Sun Jul 28 00:36:01 2019: epoch,2,114.913, perf:err,0.225806
Sun Jul 28 00:36:01 2019: epoch,3,0.263343, perf:err,0.225806
Sun Jul 28 00:36:01 2019: epoch,4,0.147566, perf:err,0.225806
Sun Jul 28 00:36:01 2019: epoch,5,0.140528, perf:err,0.225806
Sun Jul 28 00:36:02 2019: epoch,6,0.13791, perf:err,0.225806
Sun Jul 28 00:36:02 2019: epoch,7,0.127597, perf:err,0.225806
Sun Jul 28 00:36:02 2019: epoch,8,0.116034, perf:err,0.225806
Sun Jul 28 00:36:02 2019: epoch,9,0.108355, perf:err,0.225806
Sun Jul 28 00:36:03 2019: epoch,10,0.100586, perf:err,0.225806
Sun Jul 28 00:36:03 2019: epoch,11,0.0829757, perf:err,0.225806
Sun Jul 28 00:36:03 2019: epoch,12,0.0807136, perf:err,0.225806
Sun Jul 28 00:36:03 2019: epoch,13,0.0678389, perf:err,0.0725806
Sun Jul 28 00:36:04 2019: epoch,14,0.0567912, perf:err,0.129032
Sun Jul 28 00:36:04 2019: epoch,15,0.0489479, perf:err,0
Sun Jul 28 00:36:04 2019: epoch,16,0.0471599, perf:err,0.120968
Sun Jul 28 00:36:05 2019: epoch,17,0.05254, perf:err,0.0241935
Sun Jul 28 00:36:05 2019: epoch,18,0.0706985, perf:err,0.145161
Sun Jul 28 00:36:05 2019: epoch,19,0.0874686, perf:err,0.0725806
Sun Jul 28 00:36:05 2019: epoch,20,0.140775, perf:err,0.225806
Sun Jul 28 00:36:06 2019: epoch,21,0.155914, perf:err,0.314516
Sun Jul 28 00:36:06 2019: epoch,22,0.178728, perf:err,0.225806
Sun Jul 28 00:36:06 2019: epoch,23,0.185011, perf:err,0.556452
Sun Jul 28 00:36:06 2019: epoch,24,0.192066, perf:err,0.225806
Sun Jul 28 00:36:07 2019: epoch,25,0.171031, perf:err,0.185484
Sun Jul 28 00:36:07 2019: epoch,26,0.166541, perf:err,0.225806
Sun Jul 28 00:36:07 2019: epoch,27,0.160817, perf:err,0.209677
Sun Jul 28 00:36:07 2019: epoch,28,0.172942, perf:err,0.225806
Sun Jul 28 00:36:08 2019: epoch,29,0.178592, perf:err,0.225806
Sun Jul 28 00:36:08 2019: epoch,30,0.169692, perf:err,0.217742
Sun Jul 28 00:36:08 2019: epoch,31,0.164808, perf:err,0.225806
Sun Jul 28 00:36:08 2019: epoch,32,0.166069, perf:err,0.201613
Sun Jul 28 00:36:09 2019: epoch,33,0.162586, perf:err,0.225806
Sun Jul 28 00:36:09 2019: epoch,34,0.155917, perf:err,0.16129
Sun Jul 28 00:36:09 2019: epoch,35,0.158032, perf:err,0.330645
Sun Jul 28 00:36:10 2019: epoch,36,0.188147, perf:err,0.209677
Sun Jul 28 00:36:10 2019: epoch,37,0.224408, perf:err,0.766129
Sun Jul 28 00:36:10 2019: epoch,38,0.283877, perf:err,0.225806
Sun Jul 28 00:36:10 2019: epoch,39,0.295972, perf:err,0.766129
Sun Jul 28 00:36:11 2019: epoch,40,0.311614, perf:err,0.225806
Sun Jul 28 00:36:11 2019: epoch,41,0.34503, perf:err,0.774194
Sun Jul 28 00:36:11 2019: epoch,42,0.396623, perf:err,0.225806
Sun Jul 28 00:36:11 2019: epoch,43,0.409497, perf:err,0.774194
Sun Jul 28 00:36:12 2019: epoch,44,0.400067, perf:err,0.225806
Sun Jul 28 00:36:12 2019: epoch,45,0.378127, perf:err,0.774194
Sun Jul 28 00:36:12 2019: epoch,46,0.392242, perf:err,0.225806
Sun Jul 28 00:36:12 2019: epoch,47,0.35502, perf:err,0.766129
Sun Jul 28 00:36:13 2019: epoch,48,0.319604, perf:err,0.225806
Sun Jul 28 00:36:13 2019: epoch,49,0.281718, perf:err,0.75
Sun Jul 28 00:36:13 2019: epoch,50,0.249299, perf:err,0.185484
Sun Jul 28 00:36:14 2019: epoch,51,0.197457, perf:err,0.225806
Sun Jul 28 00:36:14 2019: epoch,52,0.160597, perf:err,0.120968
Sun Jul 28 00:36:14 2019: epoch,53,0.132637, perf:err,0.0645161
Sun Jul 28 00:36:14 2019: epoch,54,0.134401, perf:err,0.120968
Sun Jul 28 00:36:15 2019: epoch,55,0.142417, perf:err,0.137097
Sun Jul 28 00:36:15 2019: epoch,56,0.156602, perf:err,0.137097
Sun Jul 28 00:36:15 2019: epoch,57,0.17671, perf:err,0.604839
Sun Jul 28 00:36:15 2019: epoch,58,0.21902, perf:err,0.201613
Sun Jul 28 00:36:16 2019: epoch,59,0.257127, perf:err,0.766129
Sun Jul 28 00:36:16 2019: epoch,60,0.300597, perf:err,0.225806
Sun Jul 28 00:36:16 2019: epoch,61,0.343054, perf:err,0.774194
Sun Jul 28 00:36:16 2019: epoch,62,0.356368, perf:err,0.225806
Sun Jul 28 00:36:17 2019: epoch,63,0.386332, perf:err,0.774194
Sun Jul 28 00:36:17 2019: epoch,64,0.402229, perf:err,0.225806
Sun Jul 28 00:36:17 2019: epoch,65,0.371234, perf:err,0.774194
Sun Jul 28 00:36:18 2019: epoch,66,0.330692, perf:err,0.225806
Sun Jul 28 00:36:18 2019: epoch,67,0.288017, perf:err,0.677419
Sun Jul 28 00:36:18 2019: epoch,68,0.243258, perf:err,0.169355
Sun Jul 28 00:36:18 2019: epoch,69,0.219687, perf:err,0.314516
Sun Jul 28 00:36:19 2019: epoch,70,0.216493, perf:err,0.16129
Sun Jul 28 00:36:19 2019: epoch,71,0.197203, perf:err,0.153226
Sun Jul 28 00:36:19 2019: epoch,72,0.172272, perf:err,0.137097
Sun Jul 28 00:36:19 2019: epoch,73,0.161307, perf:err,0.0967742
Sun Jul 28 00:36:20 2019: epoch,74,0.163506, perf:err,0.137097
Sun Jul 28 00:36:20 2019: epoch,75,0.171049, perf:err,0.193548
Sun Jul 28 00:36:20 2019: epoch,76,0.174049, perf:err,0.137097
Sun Jul 28 00:36:20 2019: epoch,77,0.168179, perf:err,0.120968
Sun Jul 28 00:36:21 2019: epoch,78,0.170508, perf:err,0.137097
Sun Jul 28 00:36:21 2019: epoch,79,0.198311, perf:err,0.596774
Sun Jul 28 00:36:21 2019: epoch,80,0.241064, perf:err,0.169355
Sun Jul 28 00:36:21 2019: Setting step-sizes to s0 times 0.1
Sun Jul 28 00:36:22 2019: epoch,81,0.254282, perf:err,0.137097
Sun Jul 28 00:36:22 2019: epoch,82,0.157341, perf:err,0.112903
Sun Jul 28 00:36:22 2019: epoch,83,0.110287, perf:err,0.0725806
Sun Jul 28 00:36:22 2019: epoch,84,0.0708087, perf:err,0.0564516
Sun Jul 28 00:36:23 2019: epoch,85,0.0472921, perf:err,0.0403226
Sun Jul 28 00:36:23 2019: epoch,86,0.0307286, perf:err,0.016129
Sun Jul 28 00:36:23 2019: epoch,87,0.021622, perf:err,0.016129
Sun Jul 28 00:36:23 2019: epoch,88,0.0150164, perf:err,0.016129
Sun Jul 28 00:36:24 2019: epoch,89,0.00979126, perf:err,0.016129
Sun Jul 28 00:36:24 2019: epoch,90,0.012158, perf:err,0.016129
Sun Jul 28 00:36:24 2019: Setting step-sizes to s0 times 0.01
Sun Jul 28 00:36:24 2019: epoch,91,0.00846481, perf:err,0.016129
Sun Jul 28 00:36:24 2019: epoch,92,0.00949039, perf:err,0.016129
Sun Jul 28 00:36:25 2019: epoch,93,0.00987261, perf:err,0.016129
Sun Jul 28 00:36:25 2019: epoch,94,0.00923416, perf:err,0.00806452
Sun Jul 28 00:36:25 2019: epoch,95,0.00853471, perf:err,0.00806452
Sun Jul 28 00:36:26 2019: epoch,96,0.00740463, perf:err,0.00806452
Sun Jul 28 00:36:26 2019: epoch,97,0.0070178, perf:err,0.00806452
Sun Jul 28 00:36:26 2019: epoch,98,0.0117721, perf:err,0.00806452
Sun Jul 28 00:36:26 2019: epoch,99,0.00690311, perf:err,0
Sun Jul 28 00:36:27 2019: epoch,100,0.00660756, perf:err,0
Sun Jul 28 00:36:27 2019: Saving the model to output/pan_br_model.epo100.ReNet
Sun Jul 28 00:36:27 2019: Done ...
elapsed: 29, 28.3942
AzPmem stat: #concurrent=146 max-entry#=-1 for-memory=36161
